<?xml version="1.0" encoding="UTF-8"?>
<!-- Generated by org.testng.reporters.JUnitReportReporter -->
<testsuite hostname="SUDHAPAT-IN" name="com.actitime.tests.Login" tests="1" failures="0" timestamp="24 Jun 2021 03:06:36 GMT" time="19.460" errors="0">
  <testcase name="login_002" time="19.460" classname="com.actitime.tests.Login"/>
</testsuite> <!-- com.actitime.tests.Login -->
